<?xml version="1.0" encoding="UTF-8"?>
<!-- Generated by org.testng.reporters.JUnitReportReporter -->
<testsuite hostname="huangjunqideMacBook-Pro.local" failures="0" tests="14" name="homework.ch11_13.CourseTest" time="0.005" errors="0" timestamp="16 4月 2021 14:50:28 GMT" skipped="0">
  <testcase classname="homework.ch11_13.CourseTest" name="testGetCourseName" time="0.000"/>
  <testcase classname="homework.ch11_13.CourseTest" name="testTestEquals" time="0.000"/>
  <testcase classname="homework.ch11_13.CourseTest" name="testGetTeacher" time="0.000"/>
  <testcase classname="homework.ch11_13.CourseTest" name="testGetNumberOfStudent" time="0.000"/>
  <testcase classname="homework.ch11_13.CourseTest" name="testTestToString" time="0.005"/>
  <testcase classname="homework.ch11_13.CourseTest" name="testTestEquals" time="0.000"/>
  <testcase classname="homework.ch11_13.CourseTest" name="testTestClone" time="0.000"/>
  <testcase classname="homework.ch11_13.CourseTest" name="testUnregister" time="0.000"/>
  <testcase classname="homework.ch11_13.CourseTest" name="testTestEquals" time="0.000"/>
  <testcase classname="homework.ch11_13.CourseTest" name="testRegister" time="0.000"/>
  <testcase classname="homework.ch11_13.CourseTest" name="testTestEquals" time="0.000"/>
  <testcase classname="homework.ch11_13.CourseTest" name="testTestEquals" time="0.000"/>
  <testcase classname="homework.ch11_13.CourseTest" name="testTestEquals" time="0.000"/>
  <testcase classname="homework.ch11_13.CourseTest" name="testGetStudents" time="0.000"/>
</testsuite> <!-- homework.ch11_13.CourseTest -->
