<?xml version="1.0" encoding="UTF-8"?>
<!-- Generated by org.testng.reporters.JUnitReportReporter -->
<testsuite hostname="huangjunqideMacBook-Pro.local" failures="0" tests="3" name="homework.ch11_13.ComponentListTest" time="0.001" errors="0" timestamp="16 4月 2021 14:50:28 GMT" skipped="0">
  <testcase classname="homework.ch11_13.ComponentListTest" name="testNext" time="0.000"/>
  <testcase classname="homework.ch11_13.ComponentListTest" name="testNext" time="0.000"/>
  <testcase classname="homework.ch11_13.ComponentListTest" name="testHasNext" time="0.001"/>
</testsuite> <!-- homework.ch11_13.ComponentListTest -->
